{"/home/teophil/vteam/bike_simulator/cityModules/cities.js": {"path":"/home/teophil/vteam/bike_simulator/cityModules/cities.js","statementMap":{"0":{"start":{"line":1,"column":15},"end":{"line":5,"column":1}},"1":{"start":{"line":7,"column":0},"end":{"line":7,"column":23}}},"fnMap":{},"branchMap":{},"s":{"0":1,"1":1},"f":{},"b":{},"_coverageSchema":"1a1c01bbd47fc00a2c39e90264f33305004495a9","hash":"8ae9dac9d07adc89a6e6032d19da0d836e29b698"}
,"/home/teophil/vteam/bike_simulator/cityModules/cityBound.js": {"path":"/home/teophil/vteam/bike_simulator/cityModules/cityBound.js","statementMap":{"0":{"start":{"line":1,"column":13},"end":{"line":1,"column":34}},"1":{"start":{"line":2,"column":14},"end":{"line":2,"column":30}},"2":{"start":{"line":3,"column":20},"end":{"line":3,"column":80}},"3":{"start":{"line":6,"column":18},"end":{"line":18,"column":1}},"4":{"start":{"line":7,"column":2},"end":{"line":17,"column":3}},"5":{"start":{"line":8,"column":17},"end":{"line":8,"column":68}},"6":{"start":{"line":9,"column":4},"end":{"line":12,"column":5}},"7":{"start":{"line":10,"column":6},"end":{"line":10,"column":39}},"8":{"start":{"line":11,"column":6},"end":{"line":11,"column":17}},"9":{"start":{"line":13,"column":4},"end":{"line":13,"column":15}},"10":{"start":{"line":15,"column":4},"end":{"line":15,"column":47}},"11":{"start":{"line":16,"column":4},"end":{"line":16,"column":16}},"12":{"start":{"line":20,"column":26},"end":{"line":24,"column":1}},"13":{"start":{"line":21,"column":43},"end":{"line":21,"column":62}},"14":{"start":{"line":23,"column":2},"end":{"line":23,"column":44}},"15":{"start":{"line":26,"column":26},"end":{"line":32,"column":1}},"16":{"start":{"line":27,"column":21},"end":{"line":27,"column":30}},"17":{"start":{"line":28,"column":18},"end":{"line":28,"column":46}},"18":{"start":{"line":29,"column":16},"end":{"line":29,"column":38}},"19":{"start":{"line":31,"column":2},"end":{"line":31,"column":53}},"20":{"start":{"line":35,"column":0},"end":{"line":35,"column":66}}},"fnMap":{"0":{"name":"(anonymous_0)","decl":{"start":{"line":6,"column":18},"end":{"line":6,"column":19}},"loc":{"start":{"line":6,"column":32},"end":{"line":18,"column":1}},"line":6},"1":{"name":"(anonymous_1)","decl":{"start":{"line":20,"column":26},"end":{"line":20,"column":27}},"loc":{"start":{"line":20,"column":40},"end":{"line":24,"column":1}},"line":20},"2":{"name":"(anonymous_2)","decl":{"start":{"line":26,"column":26},"end":{"line":26,"column":27}},"loc":{"start":{"line":26,"column":55},"end":{"line":32,"column":1}},"line":26}},"branchMap":{"0":{"loc":{"start":{"line":3,"column":20},"end":{"line":3,"column":80}},"type":"binary-expr","locations":[{"start":{"line":3,"column":20},"end":{"line":3,"column":53}},{"start":{"line":3,"column":57},"end":{"line":3,"column":80}}],"line":3},"1":{"loc":{"start":{"line":9,"column":4},"end":{"line":12,"column":5}},"type":"if","locations":[{"start":{"line":9,"column":4},"end":{"line":12,"column":5}},{"start":{},"end":{}}],"line":9}},"s":{"0":2,"1":2,"2":2,"3":2,"4":2,"5":2,"6":1,"7":0,"8":0,"9":1,"10":1,"11":1,"12":2,"13":1,"14":1,"15":2,"16":2,"17":2,"18":2,"19":2,"20":2},"f":{"0":2,"1":1,"2":2},"b":{"0":[2,2],"1":[0,1]},"_coverageSchema":"1a1c01bbd47fc00a2c39e90264f33305004495a9","hash":"f8d9334ed4d46597cb84f5162b939ecc98451589"}
,"/home/teophil/vteam/bike_simulator/cityModules/cityConfig.js": {"path":"/home/teophil/vteam/bike_simulator/cityModules/cityConfig.js","statementMap":{"0":{"start":{"line":1,"column":15},"end":{"line":1,"column":34}},"1":{"start":{"line":2,"column":39},"end":{"line":2,"column":61}},"2":{"start":{"line":4,"column":29},"end":{"line":34,"column":1}},"3":{"start":{"line":5,"column":2},"end":{"line":33,"column":3}},"4":{"start":{"line":6,"column":20},"end":{"line":6,"column":36}},"5":{"start":{"line":7,"column":4},"end":{"line":10,"column":5}},"6":{"start":{"line":8,"column":6},"end":{"line":8,"column":61}},"7":{"start":{"line":9,"column":6},"end":{"line":9,"column":18}},"8":{"start":{"line":12,"column":17},"end":{"line":12,"column":44}},"9":{"start":{"line":13,"column":4},"end":{"line":16,"column":5}},"10":{"start":{"line":14,"column":6},"end":{"line":14,"column":61}},"11":{"start":{"line":15,"column":6},"end":{"line":15,"column":18}},"12":{"start":{"line":18,"column":21},"end":{"line":18,"column":39}},"13":{"start":{"line":19,"column":4},"end":{"line":22,"column":5}},"14":{"start":{"line":20,"column":6},"end":{"line":20,"column":65}},"15":{"start":{"line":21,"column":6},"end":{"line":21,"column":18}},"16":{"start":{"line":24,"column":47},"end":{"line":24,"column":74}},"17":{"start":{"line":26,"column":4},"end":{"line":29,"column":6}},"18":{"start":{"line":31,"column":4},"end":{"line":31,"column":57}},"19":{"start":{"line":32,"column":4},"end":{"line":32,"column":16}},"20":{"start":{"line":36,"column":0},"end":{"line":36,"column":37}}},"fnMap":{"0":{"name":"(anonymous_0)","decl":{"start":{"line":4,"column":29},"end":{"line":4,"column":30}},"loc":{"start":{"line":4,"column":49},"end":{"line":34,"column":1}},"line":4}},"branchMap":{"0":{"loc":{"start":{"line":7,"column":4},"end":{"line":10,"column":5}},"type":"if","locations":[{"start":{"line":7,"column":4},"end":{"line":10,"column":5}},{"start":{},"end":{}}],"line":7},"1":{"loc":{"start":{"line":13,"column":4},"end":{"line":16,"column":5}},"type":"if","locations":[{"start":{"line":13,"column":4},"end":{"line":16,"column":5}},{"start":{},"end":{}}],"line":13},"2":{"loc":{"start":{"line":19,"column":4},"end":{"line":22,"column":5}},"type":"if","locations":[{"start":{"line":19,"column":4},"end":{"line":22,"column":5}},{"start":{},"end":{}}],"line":19},"3":{"loc":{"start":{"line":19,"column":8},"end":{"line":19,"column":79}},"type":"binary-expr","locations":[{"start":{"line":19,"column":8},"end":{"line":19,"column":17}},{"start":{"line":19,"column":21},"end":{"line":19,"column":42}},{"start":{"line":19,"column":46},"end":{"line":19,"column":79}}],"line":19}},"s":{"0":2,"1":2,"2":2,"3":12,"4":12,"5":12,"6":9,"7":9,"8":3,"9":3,"10":1,"11":1,"12":2,"13":2,"14":1,"15":1,"16":1,"17":1,"18":0,"19":0,"20":2},"f":{"0":12},"b":{"0":[9,3],"1":[1,2],"2":[1,1],"3":[2,2,2]},"_coverageSchema":"1a1c01bbd47fc00a2c39e90264f33305004495a9","hash":"aeaba3f4bcca0725675c8363de45915d6544cfb5"}
,"/home/teophil/vteam/bike_simulator/routePlaning/routePlaning.js": {"path":"/home/teophil/vteam/bike_simulator/routePlaning/routePlaning.js","statementMap":{"0":{"start":{"line":1,"column":14},"end":{"line":1,"column":30}},"1":{"start":{"line":2,"column":12},"end":{"line":2,"column":26}},"2":{"start":{"line":3,"column":29},"end":{"line":3,"column":65}},"3":{"start":{"line":4,"column":0},"end":{"line":4,"column":39}},"4":{"start":{"line":6,"column":17},"end":{"line":25,"column":1}},"5":{"start":{"line":7,"column":2},"end":{"line":24,"column":3}},"6":{"start":{"line":8,"column":20},"end":{"line":8,"column":67}},"7":{"start":{"line":9,"column":24},"end":{"line":9,"column":73}},"8":{"start":{"line":10,"column":16},"end":{"line":10,"column":88}},"9":{"start":{"line":12,"column":21},"end":{"line":12,"column":41}},"10":{"start":{"line":13,"column":19},"end":{"line":13,"column":67}},"11":{"start":{"line":15,"column":4},"end":{"line":18,"column":5}},"12":{"start":{"line":16,"column":6},"end":{"line":16,"column":40}},"13":{"start":{"line":17,"column":6},"end":{"line":17,"column":16}},"14":{"start":{"line":20,"column":4},"end":{"line":20,"column":50}},"15":{"start":{"line":20,"column":38},"end":{"line":20,"column":48}},"16":{"start":{"line":22,"column":4},"end":{"line":22,"column":59}},"17":{"start":{"line":23,"column":4},"end":{"line":23,"column":14}},"18":{"start":{"line":27,"column":23},"end":{"line":32,"column":1}},"19":{"start":{"line":28,"column":21},"end":{"line":28,"column":57}},"20":{"start":{"line":29,"column":19},"end":{"line":29,"column":55}},"21":{"start":{"line":31,"column":2},"end":{"line":31,"column":45}},"22":{"start":{"line":34,"column":0},"end":{"line":34,"column":31}}},"fnMap":{"0":{"name":"(anonymous_0)","decl":{"start":{"line":6,"column":17},"end":{"line":6,"column":18}},"loc":{"start":{"line":6,"column":39},"end":{"line":25,"column":1}},"line":6},"1":{"name":"(anonymous_1)","decl":{"start":{"line":20,"column":22},"end":{"line":20,"column":23}},"loc":{"start":{"line":20,"column":38},"end":{"line":20,"column":48}},"line":20},"2":{"name":"(anonymous_2)","decl":{"start":{"line":27,"column":23},"end":{"line":27,"column":24}},"loc":{"start":{"line":27,"column":43},"end":{"line":32,"column":1}},"line":27}},"branchMap":{"0":{"loc":{"start":{"line":15,"column":4},"end":{"line":18,"column":5}},"type":"if","locations":[{"start":{"line":15,"column":4},"end":{"line":18,"column":5}},{"start":{},"end":{}}],"line":15}},"s":{"0":1,"1":1,"2":1,"3":1,"4":1,"5":4,"6":4,"7":4,"8":0,"9":0,"10":0,"11":0,"12":0,"13":0,"14":0,"15":0,"16":4,"17":4,"18":1,"19":4,"20":4,"21":4,"22":1},"f":{"0":4,"1":0,"2":4},"b":{"0":[0,0]},"_coverageSchema":"1a1c01bbd47fc00a2c39e90264f33305004495a9","hash":"ecbdf8d6d72af8b2586b358640fe5862d47339e4"}
}
