TN:
SF:cityModules/cities.js
FNF:0
FNH:0
DA:1,1
DA:7,1
LF:2
LH:2
BRF:0
BRH:0
end_of_record
TN:
SF:cityModules/cityBound.js
FN:6,(anonymous_0)
FN:20,(anonymous_1)
FN:26,(anonymous_2)
FNF:3
FNH:3
FNDA:2,(anonymous_0)
FNDA:1,(anonymous_1)
FNDA:2,(anonymous_2)
DA:1,2
DA:2,2
DA:3,2
DA:6,2
DA:7,2
DA:8,2
DA:9,1
DA:10,0
DA:11,0
DA:13,1
DA:15,1
DA:16,1
DA:20,2
DA:21,1
DA:23,1
DA:26,2
DA:27,2
DA:28,2
DA:29,2
DA:31,2
DA:35,2
LF:21
LH:19
BRDA:3,0,0,2
BRDA:3,0,1,2
BRDA:9,1,0,0
BRDA:9,1,1,1
BRF:4
BRH:3
end_of_record
TN:
SF:cityModules/cityConfig.js
FN:4,(anonymous_0)
FNF:1
FNH:1
FNDA:12,(anonymous_0)
DA:1,2
DA:2,2
DA:4,2
DA:5,12
DA:6,12
DA:7,12
DA:8,9
DA:9,9
DA:12,3
DA:13,3
DA:14,1
DA:15,1
DA:18,2
DA:19,2
DA:20,1
DA:21,1
DA:24,1
DA:26,1
DA:31,0
DA:32,0
DA:36,2
LF:21
LH:19
BRDA:7,0,0,9
BRDA:7,0,1,3
BRDA:13,1,0,1
BRDA:13,1,1,2
BRDA:19,2,0,1
BRDA:19,2,1,1
BRDA:19,3,0,2
BRDA:19,3,1,2
BRDA:19,3,2,2
BRF:9
BRH:9
end_of_record
TN:
SF:routePlaning/routePlaning.js
FN:6,(anonymous_0)
FN:20,(anonymous_1)
FN:27,(anonymous_2)
FNF:3
FNH:2
FNDA:4,(anonymous_0)
FNDA:0,(anonymous_1)
FNDA:4,(anonymous_2)
DA:1,1
DA:2,1
DA:3,1
DA:4,1
DA:6,1
DA:7,4
DA:8,4
DA:9,4
DA:10,0
DA:12,0
DA:13,0
DA:15,0
DA:16,0
DA:17,0
DA:20,0
DA:22,4
DA:23,4
DA:27,1
DA:28,4
DA:29,4
DA:31,4
DA:34,1
LF:22
LH:15
BRDA:15,0,0,0
BRDA:15,0,1,0
BRF:2
BRH:0
end_of_record
